<?xml version="1.0" encoding="UTF-8"?>
<testsuite name="LeetCodeProjectsTest" tests="1" skipped="0" failures="0" errors="0" timestamp="2021-09-23T17:06:51" hostname="leons-mbp.wifi.local.cmu.edu" time="0.011">
  <properties/>
  <testcase name="removeNthFromEnd()" classname="LeetCodeProjectsTest" time="0.011"/>
  <system-out><![CDATA[]]></system-out>
  <system-err><![CDATA[]]></system-err>
</testsuite>
