<?xml version="1.0" encoding="UTF-8"?>
<testsuite name="LeetCodeProjectsTest" tests="1" skipped="0" failures="0" errors="0" timestamp="2021-06-08T18:00:48" hostname="DESKTOP-7UD2T7R" time="0.099">
  <properties/>
  <testcase name="reverseList()" classname="LeetCodeProjectsTest" time="0.099"/>
  <system-out><![CDATA[]]></system-out>
  <system-err><![CDATA[]]></system-err>
</testsuite>
